               pytest    
============================= test session starts =============================
platform win32 -- Python 3.11.9, pytest-9.0.3, pluggy-1.6.0
rootdir: C:\Users\nehac\Desktop\BHIV_project
plugins: anyio-4.9.0, langsmith-0.3.45
collected 21 items                                                                                                                

tests\test_benchmarking.py .                                                                                                [  4%]
tests\test_confidence.py .                                                                                                  [  9%]
tests\test_confidence_explanation.py .                                                                                      [ 14%]
tests\test_dataset.py .                                                                                                     [ 19%]
tests\test_demo_assets.py .                                                                                                 [ 23%]
tests\test_document_registry.py .                                                                                           [ 28%]
tests\test_evaluation.py .                                                                                                  [ 33%]
tests\test_evidence_ledger.py .                                                                                             [ 38%]
tests\test_extraction.py .                                                                                                  [ 42%]
tests\test_health.py .                                                                                                      [ 47%]
tests\test_identity_pipeline.py .                                                                                           [ 52%]
tests\test_metrics.py .                                                                                                     [ 57%]
tests\test_observability.py .                                                                                               [ 61%]
tests\test_ocr_fallback.py .                                                                                                [ 66%]
tests\test_rag.py .                                                                                                         [ 71%]
tests\test_replay.py .                                                                                                      [ 76%]
tests\test_replay_api.py .                                                                                                  [ 80%]
tests\test_replay_deterministic.py .                                                                                        [ 85%]
tests\test_sdk.py .                                                                                                         [ 90%]
tests\test_trace_id.py .                                                                                                    [ 95%]
tests\test_validation.py .                                                                                                  [100%]

======================================================== warnings summary ========================================================
..\..\AppData\Local\Programs\Python\Python311\Lib\site-packages\fastapi\testclient.py:1
  C:\Users\nehac\AppData\Local\Programs\Python\Python311\Lib\site-packages\fastapi\testclient.py:1: StarletteDeprecationWarning: Using `httpx` with `starlette.testclient` is deprecated; install `httpx2` instead.
    from starlette.testclient import TestClient as TestClient  # noqa

-- Docs: https://docs.pytest.org/en/stable/how-to/capture-warnings.html
================================================= 21 passed, 1 warning in 42.88s =================================================